This is pdfTeX, Version 3.141592653-2.6-1.40.26 (TeX Live 2024) (preloaded format=pdflatex 2025.1.24)  20 FEB 2025 11:12
entering extended mode
 restricted \write18 enabled.
 %&-line parsing enabled.
**"/Users/jakekratt/Documents/PHYS-B4C/Chapter 37/Reading/37-4.org"
(/Users/jakekratt/Documents/PHYS-B4C/Chapter 37/Reading/37-4.org
LaTeX2e <2024-11-01> patch level 1
L3 programming layer <2024-12-25>
! You can't use `macro parameter character #' in vertical mode.
l.1 #
     +title: 37.4 The Diffraction Grating
? 
! Emergency stop.
l.1 
    
End of file on the terminal!

 
Here is how much of TeX's memory you used:
 16 strings out of 473207
 501 string characters out of 5716282
 391754 words of memory out of 5000000
 23359 multiletter control sequences out of 15000+600000
 558837 words of font info for 36 fonts, out of 8000000 for 9000
 1141 hyphenation exceptions out of 8191
 12i,0n,13p,134b,8s stack positions out of 10000i,1000n,20000p,200000b,200000s
!  ==> Fatal error occurred, no output PDF file produced!
